# JRE version: OpenJDK Runtime Environment (8.0_252-b09) (build 1.8.0_252-8u252-b09-1~19.10-b09)
# Java VM: OpenJDK 64-Bit Server VM (25.252-b09 mixed mode linux-amd64 compressed oops)
Heap:
 PSYoungGen      total 279040K, used 230246K [0x00000000ec500000, 0x0000000100000000, 0x0000000100000000)
  eden space 235520K, 97% used [0x00000000ec500000,0x00000000fa5d9a80,0x00000000fab00000)
  from space 43520K, 0% used [0x00000000fab00000,0x00000000fab00000,0x00000000fd580000)
  to   space 42496K, 0% used [0x00000000fd680000,0x00000000fd680000,0x0000000100000000)
 ParOldGen       total 179712K, used 115750K [0x00000000c4e00000, 0x00000000cfd80000, 0x00000000ec500000)
  object space 179712K, 64% used [0x00000000c4e00000,0x00000000cbf09990,0x00000000cfd80000)
 Metaspace       used 45138K, capacity 45475K, committed 45824K, reserved 1089536K
  class space    used 4988K, capacity 5120K, committed 5120K, reserved 1048576K
GC Heap History (10 events):
Event: 135,309 GC heap before
{Heap before GC invocations=30 (full 7):
 PSYoungGen      total 279040K, used 24283K [0x00000000ec500000, 0x0000000100000000, 0x0000000100000000)
  eden space 235520K, 0% used [0x00000000ec500000,0x00000000ec500000,0x00000000fab00000)
  from space 43520K, 55% used [0x00000000fab00000,0x00000000fc2b6ce0,0x00000000fd580000)
  to   space 43520K, 0% used [0x00000000fd580000,0x00000000fd580000,0x0000000100000000)
 ParOldGen       total 179712K, used 110777K [0x00000000c4e00000, 0x00000000cfd80000, 0x00000000ec500000)
  object space 179712K, 61% used [0x00000000c4e00000,0x00000000cba2e508,0x00000000cfd80000)
 Metaspace       used 43416K, capacity 43753K, committed 44160K, reserved 1089536K
  class space    used 4808K, capacity 4955K, committed 4992K, reserved 1048576K
Event: 135,695 GC heap after
Heap after GC invocations=30 (full 7):
 PSYoungGen      total 279040K, used 0K [0x00000000ec500000, 0x0000000100000000, 0x0000000100000000)
  eden space 235520K, 0% used [0x00000000ec500000,0x00000000ec500000,0x00000000fab00000)
  from space 43520K, 0% used [0x00000000fab00000,0x00000000fab00000,0x00000000fd580000)
  to   space 43520K, 0% used [0x00000000fd580000,0x00000000fd580000,0x0000000100000000)
 ParOldGen       total 179712K, used 114617K [0x00000000c4e00000, 0x00000000cfd80000, 0x00000000ec500000)
  object space 179712K, 63% used [0x00000000c4e00000,0x00000000cbdee718,0x00000000cfd80000)
 Metaspace       used 43416K, capacity 43753K, committed 44160K, reserved 1089536K
  class space    used 4808K, capacity 4955K, committed 4992K, reserved 1048576K
}
Event: 179,242 GC heap before
{Heap before GC invocations=31 (full 7):
 PSYoungGen      total 279040K, used 68092K [0x00000000ec500000, 0x0000000100000000, 0x0000000100000000)
  eden space 235520K, 28% used [0x00000000ec500000,0x00000000f077f208,0x00000000fab00000)
  from space 43520K, 0% used [0x00000000fab00000,0x00000000fab00000,0x00000000fd580000)
  to   space 43520K, 0% used [0x00000000fd580000,0x00000000fd580000,0x0000000100000000)
 ParOldGen       total 179712K, used 114617K [0x00000000c4e00000, 0x00000000cfd80000, 0x00000000ec500000)
  object space 179712K, 63% used [0x00000000c4e00000,0x00000000cbdee718,0x00000000cfd80000)
 Metaspace       used 44432K, capacity 44811K, committed 45056K, reserved 1089536K
  class space    used 4930K, capacity 5052K, committed 5120K, reserved 1048576K
Event: 179,263 GC heap after
Heap after GC invocations=31 (full 7):
 PSYoungGen      total 279040K, used 1904K [0x00000000ec500000, 0x0000000100000000, 0x0000000100000000)
  eden space 235520K, 0% used [0x00000000ec500000,0x00000000ec500000,0x00000000fab00000)
  from space 43520K, 4% used [0x00000000fd580000,0x00000000fd75c0a0,0x0000000100000000)
  to   space 43520K, 0% used [0x00000000fab00000,0x00000000fab00000,0x00000000fd580000)
 ParOldGen       total 179712K, used 114625K [0x00000000c4e00000, 0x00000000cfd80000, 0x00000000ec500000)
  object space 179712K, 63% used [0x00000000c4e00000,0x00000000cbdf0718,0x00000000cfd80000)
 Metaspace       used 44432K, capacity 44811K, committed 45056K, reserved 1089536K
  class space    used 4930K, capacity 5052K, committed 5120K, reserved 1048576K
}
Event: 179,263 GC heap before
{Heap before GC invocations=32 (full 8):
 PSYoungGen      total 279040K, used 1904K [0x00000000ec500000, 0x0000000100000000, 0x0000000100000000)
  eden space 235520K, 0% used [0x00000000ec500000,0x00000000ec500000,0x00000000fab00000)
  from space 43520K, 4% used [0x00000000fd580000,0x00000000fd75c0a0,0x0000000100000000)
  to   space 43520K, 0% used [0x00000000fab00000,0x00000000fab00000,0x00000000fd580000)
 ParOldGen       total 179712K, used 114625K [0x00000000c4e00000, 0x00000000cfd80000, 0x00000000ec500000)
  object space 179712K, 63% used [0x00000000c4e00000,0x00000000cbdf0718,0x00000000cfd80000)
 Metaspace       used 44432K, capacity 44811K, committed 45056K, reserved 1089536K
  class space    used 4930K, capacity 5052K, committed 5120K, reserved 1048576K
Event: 179,767 GC heap after
Heap after GC invocations=32 (full 8):
 PSYoungGen      total 279040K, used 0K [0x00000000ec500000, 0x0000000100000000, 0x0000000100000000)
  eden space 235520K, 0% used [0x00000000ec500000,0x00000000ec500000,0x00000000fab00000)
  from space 43520K, 0% used [0x00000000fd580000,0x00000000fd580000,0x0000000100000000)
  to   space 43520K, 0% used [0x00000000fab00000,0x00000000fab00000,0x00000000fd580000)
 ParOldGen       total 179712K, used 110879K [0x00000000c4e00000, 0x00000000cfd80000, 0x00000000ec500000)
  object space 179712K, 61% used [0x00000000c4e00000,0x00000000cba47dd8,0x00000000cfd80000)
 Metaspace       used 44432K, capacity 44811K, committed 45056K, reserved 1089536K
  class space    used 4930K, capacity 5052K, committed 5120K, reserved 1048576K
}
Event: 180,443 GC heap before
{Heap before GC invocations=33 (full 8):
 PSYoungGen      total 279040K, used 12331K [0x00000000ec500000, 0x0000000100000000, 0x0000000100000000)
  eden space 235520K, 5% used [0x00000000ec500000,0x00000000ed10af18,0x00000000fab00000)
  from space 43520K, 0% used [0x00000000fd580000,0x00000000fd580000,0x0000000100000000)
  to   space 43520K, 0% used [0x00000000fab00000,0x00000000fab00000,0x00000000fd580000)
 ParOldGen       total 179712K, used 110879K [0x00000000c4e00000, 0x00000000cfd80000, 0x00000000ec500000)
  object space 179712K, 61% used [0x00000000c4e00000,0x00000000cba47dd8,0x00000000cfd80000)
 Metaspace       used 44589K, capacity 44977K, committed 45312K, reserved 1089536K
  class space    used 4948K, capacity 5085K, committed 5120K, reserved 1048576K
Event: 180,463 GC heap after
Heap after GC invocations=33 (full 8):
 PSYoungGen      total 279040K, used 5202K [0x00000000ec500000, 0x0000000100000000, 0x0000000100000000)
  eden space 235520K, 0% used [0x00000000ec500000,0x00000000ec500000,0x00000000fab00000)
  from space 43520K, 11% used [0x00000000fab00000,0x00000000fb0148c0,0x00000000fd580000)
  to   space 42496K, 0% used [0x00000000fd680000,0x00000000fd680000,0x0000000100000000)
 ParOldGen       total 179712K, used 110887K [0x00000000c4e00000, 0x00000000cfd80000, 0x00000000ec500000)
  object space 179712K, 61% used [0x00000000c4e00000,0x00000000cba49dd8,0x00000000cfd80000)
 Metaspace       used 44589K, capacity 44977K, committed 45312K, reserved 1089536K
  class space    used 4948K, capacity 5085K, committed 5120K, reserved 1048576K
}
Event: 180,463 GC heap before
{Heap before GC invocations=34 (full 9):
 PSYoungGen      total 279040K, used 5202K [0x00000000ec500000, 0x0000000100000000, 0x0000000100000000)
  eden space 235520K, 0% used [0x00000000ec500000,0x00000000ec500000,0x00000000fab00000)
  from space 43520K, 11% used [0x00000000fab00000,0x00000000fb0148c0,0x00000000fd580000)
  to   space 42496K, 0% used [0x00000000fd680000,0x00000000fd680000,0x0000000100000000)
 ParOldGen       total 179712K, used 110887K [0x00000000c4e00000, 0x00000000cfd80000, 0x00000000ec500000)
  object space 179712K, 61% used [0x00000000c4e00000,0x00000000cba49dd8,0x00000000cfd80000)
 Metaspace       used 44589K, capacity 44977K, committed 45312K, reserved 1089536K
  class space    used 4948K, capacity 5085K, committed 5120K, reserved 1048576K
Event: 180,811 GC heap after
Heap after GC invocations=34 (full 9):
 PSYoungGen      total 279040K, used 0K [0x00000000ec500000, 0x0000000100000000, 0x0000000100000000)
  eden space 235520K, 0% used [0x00000000ec500000,0x00000000ec500000,0x00000000fab00000)
  from space 43520K, 0% used [0x00000000fab00000,0x00000000fab00000,0x00000000fd580000)
  to   space 42496K, 0% used [0x00000000fd680000,0x00000000fd680000,0x0000000100000000)
 ParOldGen       total 179712K, used 115750K [0x00000000c4e00000, 0x00000000cfd80000, 0x00000000ec500000)
  object space 179712K, 64% used [0x00000000c4e00000,0x00000000cbf09990,0x00000000cfd80000)
 Metaspace       used 44589K, capacity 44977K, committed 45312K, reserved 1089536K
  class space    used 4948K, capacity 5085K, committed 5120K, reserved 1048576K
}

