# JRE version: OpenJDK Runtime Environment (8.0_252-b09) (build 1.8.0_252-8u252-b09-1~19.10-b09)
# Java VM: OpenJDK 64-Bit Server VM (25.252-b09 mixed mode linux-amd64 compressed oops)
Heap:
 PSYoungGen      total 254976K, used 54701K [0x00000000ec500000, 0x00000000ff380000, 0x0000000100000000)
  eden space 214528K, 15% used [0x00000000ec500000,0x00000000ee4c0db8,0x00000000f9680000)
  from space 40448K, 54% used [0x00000000fcc00000,0x00000000fe1aa7b8,0x00000000ff380000)
  to   space 47616K, 0% used [0x00000000f9680000,0x00000000f9680000,0x00000000fc500000)
 ParOldGen       total 168448K, used 115317K [0x00000000c4e00000, 0x00000000cf280000, 0x00000000ec500000)
  object space 168448K, 68% used [0x00000000c4e00000,0x00000000cbe9d550,0x00000000cf280000)
 Metaspace       used 43968K, capacity 44323K, committed 44672K, reserved 1089536K
  class space    used 4811K, capacity 4954K, committed 4992K, reserved 1048576K
GC Heap History (10 events):
Event: 69,252 GC heap before
{Heap before GC invocations=30 (full 6):
 PSYoungGen      total 256512K, used 213385K [0x00000000ec500000, 0x0000000100000000, 0x0000000100000000)
  eden space 190464K, 100% used [0x00000000ec500000,0x00000000f7f00000,0x00000000f7f00000)
  from space 66048K, 34% used [0x00000000f7f00000,0x00000000f95626f0,0x00000000fbf80000)
  to   space 62464K, 0% used [0x00000000fc300000,0x00000000fc300000,0x0000000100000000)
 ParOldGen       total 168448K, used 115277K [0x00000000c4e00000, 0x00000000cf280000, 0x00000000ec500000)
  object space 168448K, 68% used [0x00000000c4e00000,0x00000000cbe93550,0x00000000cf280000)
 Metaspace       used 42705K, capacity 43063K, committed 43392K, reserved 1087488K
  class space    used 4793K, capacity 4920K, committed 4992K, reserved 1048576K
Event: 69,290 GC heap after
Heap after GC invocations=30 (full 6):
 PSYoungGen      total 245760K, used 17320K [0x00000000ec500000, 0x00000000ff580000, 0x0000000100000000)
  eden space 194048K, 0% used [0x00000000ec500000,0x00000000ec500000,0x00000000f8280000)
  from space 51712K, 33% used [0x00000000fc300000,0x00000000fd3ea310,0x00000000ff580000)
  to   space 58880K, 0% used [0x00000000f8280000,0x00000000f8280000,0x00000000fbc00000)
 ParOldGen       total 168448K, used 115285K [0x00000000c4e00000, 0x00000000cf280000, 0x00000000ec500000)
  object space 168448K, 68% used [0x00000000c4e00000,0x00000000cbe95550,0x00000000cf280000)
 Metaspace       used 42705K, capacity 43063K, committed 43392K, reserved 1087488K
  class space    used 4793K, capacity 4920K, committed 4992K, reserved 1048576K
}
Event: 99,761 GC heap before
{Heap before GC invocations=31 (full 6):
 PSYoungGen      total 245760K, used 211368K [0x00000000ec500000, 0x00000000ff580000, 0x0000000100000000)
  eden space 194048K, 100% used [0x00000000ec500000,0x00000000f8280000,0x00000000f8280000)
  from space 51712K, 33% used [0x00000000fc300000,0x00000000fd3ea310,0x00000000ff580000)
  to   space 58880K, 0% used [0x00000000f8280000,0x00000000f8280000,0x00000000fbc00000)
 ParOldGen       total 168448K, used 115285K [0x00000000c4e00000, 0x00000000cf280000, 0x00000000ec500000)
  object space 168448K, 68% used [0x00000000c4e00000,0x00000000cbe95550,0x00000000cf280000)
 Metaspace       used 43523K, capacity 43933K, committed 44160K, reserved 1089536K
  class space    used 4804K, capacity 4953K, committed 4992K, reserved 1048576K
Event: 99,793 GC heap after
Heap after GC invocations=31 (full 6):
 PSYoungGen      total 252928K, used 24232K [0x00000000ec500000, 0x0000000100000000, 0x0000000100000000)
  eden space 194048K, 0% used [0x00000000ec500000,0x00000000ec500000,0x00000000f8280000)
  from space 58880K, 41% used [0x00000000f8280000,0x00000000f9a2a368,0x00000000fbc00000)
  to   space 56320K, 0% used [0x00000000fc900000,0x00000000fc900000,0x0000000100000000)
 ParOldGen       total 168448K, used 115293K [0x00000000c4e00000, 0x00000000cf280000, 0x00000000ec500000)
  object space 168448K, 68% used [0x00000000c4e00000,0x00000000cbe97550,0x00000000cf280000)
 Metaspace       used 43523K, capacity 43933K, committed 44160K, reserved 1089536K
  class space    used 4804K, capacity 4953K, committed 4992K, reserved 1048576K
}
Event: 111,389 GC heap before
{Heap before GC invocations=32 (full 6):
 PSYoungGen      total 252928K, used 218280K [0x00000000ec500000, 0x0000000100000000, 0x0000000100000000)
  eden space 194048K, 100% used [0x00000000ec500000,0x00000000f8280000,0x00000000f8280000)
  from space 58880K, 41% used [0x00000000f8280000,0x00000000f9a2a368,0x00000000fbc00000)
  to   space 56320K, 0% used [0x00000000fc900000,0x00000000fc900000,0x0000000100000000)
 ParOldGen       total 168448K, used 115293K [0x00000000c4e00000, 0x00000000cf280000, 0x00000000ec500000)
  object space 168448K, 68% used [0x00000000c4e00000,0x00000000cbe97550,0x00000000cf280000)
 Metaspace       used 43790K, capacity 44189K, committed 44416K, reserved 1089536K
  class space    used 4805K, capacity 4953K, committed 4992K, reserved 1048576K
Event: 111,418 GC heap after
Heap after GC invocations=32 (full 6):
 PSYoungGen      total 254976K, used 21598K [0x00000000ec500000, 0x00000000ff780000, 0x0000000100000000)
  eden space 207360K, 0% used [0x00000000ec500000,0x00000000ec500000,0x00000000f8f80000)
  from space 47616K, 45% used [0x00000000fc900000,0x00000000fde17ad0,0x00000000ff780000)
  to   space 53248K, 0% used [0x00000000f8f80000,0x00000000f8f80000,0x00000000fc380000)
 ParOldGen       total 168448K, used 115301K [0x00000000c4e00000, 0x00000000cf280000, 0x00000000ec500000)
  object space 168448K, 68% used [0x00000000c4e00000,0x00000000cbe99550,0x00000000cf280000)
 Metaspace       used 43790K, capacity 44189K, committed 44416K, reserved 1089536K
  class space    used 4805K, capacity 4953K, committed 4992K, reserved 1048576K
}
Event: 129,310 GC heap before
{Heap before GC invocations=33 (full 6):
 PSYoungGen      total 254976K, used 228958K [0x00000000ec500000, 0x00000000ff780000, 0x0000000100000000)
  eden space 207360K, 100% used [0x00000000ec500000,0x00000000f8f80000,0x00000000f8f80000)
  from space 47616K, 45% used [0x00000000fc900000,0x00000000fde17ad0,0x00000000ff780000)
  to   space 53248K, 0% used [0x00000000f8f80000,0x00000000f8f80000,0x00000000fc380000)
 ParOldGen       total 168448K, used 115301K [0x00000000c4e00000, 0x00000000cf280000, 0x00000000ec500000)
  object space 168448K, 68% used [0x00000000c4e00000,0x00000000cbe99550,0x00000000cf280000)
 Metaspace       used 43919K, capacity 44323K, committed 44672K, reserved 1089536K
  class space    used 4811K, capacity 4954K, committed 4992K, reserved 1048576K
Event: 129,343 GC heap after
Heap after GC invocations=33 (full 6):
 PSYoungGen      total 260608K, used 22168K [0x00000000ec500000, 0x00000000ffd00000, 0x0000000100000000)
  eden space 207360K, 0% used [0x00000000ec500000,0x00000000ec500000,0x00000000f8f80000)
  from space 53248K, 41% used [0x00000000f8f80000,0x00000000fa5261c8,0x00000000fc380000)
  to   space 50176K, 0% used [0x00000000fcc00000,0x00000000fcc00000,0x00000000ffd00000)
 ParOldGen       total 168448K, used 115309K [0x00000000c4e00000, 0x00000000cf280000, 0x00000000ec500000)
  object space 168448K, 68% used [0x00000000c4e00000,0x00000000cbe9b550,0x00000000cf280000)
 Metaspace       used 43919K, capacity 44323K, committed 44672K, reserved 1089536K
  class space    used 4811K, capacity 4954K, committed 4992K, reserved 1048576K
}
Event: 159,763 GC heap before
{Heap before GC invocations=34 (full 6):
 PSYoungGen      total 260608K, used 229528K [0x00000000ec500000, 0x00000000ffd00000, 0x0000000100000000)
  eden space 207360K, 100% used [0x00000000ec500000,0x00000000f8f80000,0x00000000f8f80000)
  from space 53248K, 41% used [0x00000000f8f80000,0x00000000fa5261c8,0x00000000fc380000)
  to   space 50176K, 0% used [0x00000000fcc00000,0x00000000fcc00000,0x00000000ffd00000)
 ParOldGen       total 168448K, used 115309K [0x00000000c4e00000, 0x00000000cf280000, 0x00000000ec500000)
  object space 168448K, 68% used [0x00000000c4e00000,0x00000000cbe9b550,0x00000000cf280000)
 Metaspace       used 43967K, capacity 44323K, committed 44672K, reserved 1089536K
  class space    used 4811K, capacity 4954K, committed 4992K, reserved 1048576K
Event: 159,795 GC heap after
Heap after GC invocations=34 (full 6):
 PSYoungGen      total 254976K, used 22185K [0x00000000ec500000, 0x00000000ff380000, 0x0000000100000000)
  eden space 214528K, 0% used [0x00000000ec500000,0x00000000ec500000,0x00000000f9680000)
  from space 40448K, 54% used [0x00000000fcc00000,0x00000000fe1aa7b8,0x00000000ff380000)
  to   space 47616K, 0% used [0x00000000f9680000,0x00000000f9680000,0x00000000fc500000)
 ParOldGen       total 168448K, used 115317K [0x00000000c4e00000, 0x00000000cf280000, 0x00000000ec500000)
  object space 168448K, 68% used [0x00000000c4e00000,0x00000000cbe9d550,0x00000000cf280000)
 Metaspace       used 43967K, capacity 44323K, committed 44672K, reserved 1089536K
  class space    used 4811K, capacity 4954K, committed 4992K, reserved 1048576K
}

