# JRE version: OpenJDK Runtime Environment (8.0_252-b09) (build 1.8.0_252-8u252-b09-1~19.10-b09)
# Java VM: OpenJDK 64-Bit Server VM (25.252-b09 mixed mode linux-amd64 compressed oops)
Heap:
 PSYoungGen      total 18944K, used 5529K [0x00000000ec500000, 0x00000000f3080000, 0x0000000100000000)
  eden space 18432K, 29% used [0x00000000ec500000,0x00000000eca66608,0x00000000ed700000)
  from space 512K, 0% used [0x00000000f2f80000,0x00000000f2f80000,0x00000000f3000000)
  to   space 512K, 0% used [0x00000000f3000000,0x00000000f3000000,0x00000000f3080000)
 ParOldGen       total 40960K, used 1216K [0x00000000c4e00000, 0x00000000c7600000, 0x00000000ec500000)
  object space 40960K, 2% used [0x00000000c4e00000,0x00000000c4f30090,0x00000000c7600000)
 Metaspace       used 6062K, capacity 6234K, committed 6400K, reserved 1056768K
  class space    used 668K, capacity 739K, committed 768K, reserved 1048576K
GC Heap History (10 events):
Event: 318,085 GC heap before
{Heap before GC invocations=503 (full 0):
 PSYoungGen      total 18944K, used 18432K [0x00000000ec500000, 0x00000000f3080000, 0x0000000100000000)
  eden space 18432K, 100% used [0x00000000ec500000,0x00000000ed700000,0x00000000ed700000)
  from space 512K, 0% used [0x00000000f3000000,0x00000000f3000000,0x00000000f3080000)
  to   space 512K, 0% used [0x00000000f2f80000,0x00000000f2f80000,0x00000000f3000000)
 ParOldGen       total 40960K, used 1216K [0x00000000c4e00000, 0x00000000c7600000, 0x00000000ec500000)
  object space 40960K, 2% used [0x00000000c4e00000,0x00000000c4f30090,0x00000000c7600000)
 Metaspace       used 6062K, capacity 6234K, committed 6400K, reserved 1056768K
  class space    used 668K, capacity 739K, committed 768K, reserved 1048576K
Event: 318,086 GC heap after
Heap after GC invocations=503 (full 0):
 PSYoungGen      total 18944K, used 0K [0x00000000ec500000, 0x00000000f3080000, 0x0000000100000000)
  eden space 18432K, 0% used [0x00000000ec500000,0x00000000ec500000,0x00000000ed700000)
  from space 512K, 0% used [0x00000000f2f80000,0x00000000f2f80000,0x00000000f3000000)
  to   space 512K, 0% used [0x00000000f3000000,0x00000000f3000000,0x00000000f3080000)
 ParOldGen       total 40960K, used 1216K [0x00000000c4e00000, 0x00000000c7600000, 0x00000000ec500000)
  object space 40960K, 2% used [0x00000000c4e00000,0x00000000c4f30090,0x00000000c7600000)
 Metaspace       used 6062K, capacity 6234K, committed 6400K, reserved 1056768K
  class space    used 668K, capacity 739K, committed 768K, reserved 1048576K
}
Event: 318,955 GC heap before
{Heap before GC invocations=504 (full 0):
 PSYoungGen      total 18944K, used 18432K [0x00000000ec500000, 0x00000000f3080000, 0x0000000100000000)
  eden space 18432K, 100% used [0x00000000ec500000,0x00000000ed700000,0x00000000ed700000)
  from space 512K, 0% used [0x00000000f2f80000,0x00000000f2f80000,0x00000000f3000000)
  to   space 512K, 0% used [0x00000000f3000000,0x00000000f3000000,0x00000000f3080000)
 ParOldGen       total 40960K, used 1216K [0x00000000c4e00000, 0x00000000c7600000, 0x00000000ec500000)
  object space 40960K, 2% used [0x00000000c4e00000,0x00000000c4f30090,0x00000000c7600000)
 Metaspace       used 6062K, capacity 6234K, committed 6400K, reserved 1056768K
  class space    used 668K, capacity 739K, committed 768K, reserved 1048576K
Event: 318,956 GC heap after
Heap after GC invocations=504 (full 0):
 PSYoungGen      total 18944K, used 0K [0x00000000ec500000, 0x00000000f3080000, 0x0000000100000000)
  eden space 18432K, 0% used [0x00000000ec500000,0x00000000ec500000,0x00000000ed700000)
  from space 512K, 0% used [0x00000000f3000000,0x00000000f3000000,0x00000000f3080000)
  to   space 512K, 0% used [0x00000000f2f80000,0x00000000f2f80000,0x00000000f3000000)
 ParOldGen       total 40960K, used 1216K [0x00000000c4e00000, 0x00000000c7600000, 0x00000000ec500000)
  object space 40960K, 2% used [0x00000000c4e00000,0x00000000c4f30090,0x00000000c7600000)
 Metaspace       used 6062K, capacity 6234K, committed 6400K, reserved 1056768K
  class space    used 668K, capacity 739K, committed 768K, reserved 1048576K
}
Event: 319,623 GC heap before
{Heap before GC invocations=505 (full 0):
 PSYoungGen      total 18944K, used 18432K [0x00000000ec500000, 0x00000000f3080000, 0x0000000100000000)
  eden space 18432K, 100% used [0x00000000ec500000,0x00000000ed700000,0x00000000ed700000)
  from space 512K, 0% used [0x00000000f3000000,0x00000000f3000000,0x00000000f3080000)
  to   space 512K, 0% used [0x00000000f2f80000,0x00000000f2f80000,0x00000000f3000000)
 ParOldGen       total 40960K, used 1216K [0x00000000c4e00000, 0x00000000c7600000, 0x00000000ec500000)
  object space 40960K, 2% used [0x00000000c4e00000,0x00000000c4f30090,0x00000000c7600000)
 Metaspace       used 6062K, capacity 6234K, committed 6400K, reserved 1056768K
  class space    used 668K, capacity 739K, committed 768K, reserved 1048576K
Event: 319,628 GC heap after
Heap after GC invocations=505 (full 0):
 PSYoungGen      total 18944K, used 0K [0x00000000ec500000, 0x00000000f3080000, 0x0000000100000000)
  eden space 18432K, 0% used [0x00000000ec500000,0x00000000ec500000,0x00000000ed700000)
  from space 512K, 0% used [0x00000000f2f80000,0x00000000f2f80000,0x00000000f3000000)
  to   space 512K, 0% used [0x00000000f3000000,0x00000000f3000000,0x00000000f3080000)
 ParOldGen       total 40960K, used 1216K [0x00000000c4e00000, 0x00000000c7600000, 0x00000000ec500000)
  object space 40960K, 2% used [0x00000000c4e00000,0x00000000c4f30090,0x00000000c7600000)
 Metaspace       used 6062K, capacity 6234K, committed 6400K, reserved 1056768K
  class space    used 668K, capacity 739K, committed 768K, reserved 1048576K
}
Event: 320,339 GC heap before
{Heap before GC invocations=506 (full 0):
 PSYoungGen      total 18944K, used 18432K [0x00000000ec500000, 0x00000000f3080000, 0x0000000100000000)
  eden space 18432K, 100% used [0x00000000ec500000,0x00000000ed700000,0x00000000ed700000)
  from space 512K, 0% used [0x00000000f2f80000,0x00000000f2f80000,0x00000000f3000000)
  to   space 512K, 0% used [0x00000000f3000000,0x00000000f3000000,0x00000000f3080000)
 ParOldGen       total 40960K, used 1216K [0x00000000c4e00000, 0x00000000c7600000, 0x00000000ec500000)
  object space 40960K, 2% used [0x00000000c4e00000,0x00000000c4f30090,0x00000000c7600000)
 Metaspace       used 6062K, capacity 6234K, committed 6400K, reserved 1056768K
  class space    used 668K, capacity 739K, committed 768K, reserved 1048576K
Event: 320,341 GC heap after
Heap after GC invocations=506 (full 0):
 PSYoungGen      total 18944K, used 0K [0x00000000ec500000, 0x00000000f3080000, 0x0000000100000000)
  eden space 18432K, 0% used [0x00000000ec500000,0x00000000ec500000,0x00000000ed700000)
  from space 512K, 0% used [0x00000000f3000000,0x00000000f3000000,0x00000000f3080000)
  to   space 512K, 0% used [0x00000000f2f80000,0x00000000f2f80000,0x00000000f3000000)
 ParOldGen       total 40960K, used 1216K [0x00000000c4e00000, 0x00000000c7600000, 0x00000000ec500000)
  object space 40960K, 2% used [0x00000000c4e00000,0x00000000c4f30090,0x00000000c7600000)
 Metaspace       used 6062K, capacity 6234K, committed 6400K, reserved 1056768K
  class space    used 668K, capacity 739K, committed 768K, reserved 1048576K
}
Event: 321,472 GC heap before
{Heap before GC invocations=507 (full 0):
 PSYoungGen      total 18944K, used 18432K [0x00000000ec500000, 0x00000000f3080000, 0x0000000100000000)
  eden space 18432K, 100% used [0x00000000ec500000,0x00000000ed700000,0x00000000ed700000)
  from space 512K, 0% used [0x00000000f3000000,0x00000000f3000000,0x00000000f3080000)
  to   space 512K, 0% used [0x00000000f2f80000,0x00000000f2f80000,0x00000000f3000000)
 ParOldGen       total 40960K, used 1216K [0x00000000c4e00000, 0x00000000c7600000, 0x00000000ec500000)
  object space 40960K, 2% used [0x00000000c4e00000,0x00000000c4f30090,0x00000000c7600000)
 Metaspace       used 6062K, capacity 6234K, committed 6400K, reserved 1056768K
  class space    used 668K, capacity 739K, committed 768K, reserved 1048576K
Event: 321,485 GC heap after
Heap after GC invocations=507 (full 0):
 PSYoungGen      total 18944K, used 0K [0x00000000ec500000, 0x00000000f3080000, 0x0000000100000000)
  eden space 18432K, 0% used [0x00000000ec500000,0x00000000ec500000,0x00000000ed700000)
  from space 512K, 0% used [0x00000000f2f80000,0x00000000f2f80000,0x00000000f3000000)
  to   space 512K, 0% used [0x00000000f3000000,0x00000000f3000000,0x00000000f3080000)
 ParOldGen       total 40960K, used 1216K [0x00000000c4e00000, 0x00000000c7600000, 0x00000000ec500000)
  object space 40960K, 2% used [0x00000000c4e00000,0x00000000c4f30090,0x00000000c7600000)
 Metaspace       used 6062K, capacity 6234K, committed 6400K, reserved 1056768K
  class space    used 668K, capacity 739K, committed 768K, reserved 1048576K
}

